2025-02-05 16:55:12.565 [main] INFO  testCases.TC001_RegistrationCheck - Test Case Started.......
2025-02-05 16:55:13.496 [main] INFO  testCases.TC001_RegistrationCheck - Registration begin.......
2025-02-05 16:55:15.642 [main] INFO  testCases.TC001_RegistrationCheck - Regoistration End.......
2025-02-05 16:55:15.721 [main] DEBUG testCases.TC001_RegistrationCheck - Test Case Failed...
2025-02-05 16:55:15.721 [main] ERROR testCases.TC001_RegistrationCheck - Failed...
2025-02-05 16:58:42.851 [main] INFO  testCases.TC001_RegistrationCheck - Test Case Started.......
2025-02-05 16:58:43.619 [main] INFO  testCases.TC001_RegistrationCheck - Registration begin.......
2025-02-05 16:58:45.562 [main] INFO  testCases.TC001_RegistrationCheck - Regoistration End.......
2025-02-05 16:58:45.647 [main] DEBUG testCases.TC001_RegistrationCheck - Test Case Failed...
2025-02-05 16:58:45.647 [main] ERROR testCases.TC001_RegistrationCheck - Failed...
2025-02-05 17:01:24.371 [main] INFO  testCases.TC001_RegistrationCheck - Test Case Started.......
2025-02-05 17:01:25.079 [main] INFO  testCases.TC001_RegistrationCheck - Registration begin.......
2025-02-05 17:01:27.368 [main] INFO  testCases.TC001_RegistrationCheck - Regoistration End.......
2025-02-05 17:01:27.436 [main] DEBUG testCases.TC001_RegistrationCheck - Test Case Failed...
2025-02-05 17:01:27.436 [main] ERROR testCases.TC001_RegistrationCheck - Failed...
2025-02-05 17:33:50.035 [main] INFO  testCases.TC001_RegistrationCheck - Test Case Started.......
2025-02-05 17:33:50.705 [main] INFO  testCases.TC001_RegistrationCheck - Registration begin.......
2025-02-05 17:33:52.629 [main] INFO  testCases.TC001_RegistrationCheck - Regoistration End.......
2025-02-05 17:33:52.697 [main] INFO  testCases.TC001_RegistrationCheck - Validation Success Tc-verify_account_registration passed
2025-02-05 17:33:52.698 [main] WARN  testCases.TC001_RegistrationCheck - Completed/..
2025-02-05 17:59:47.899 [main] INFO  testCases.TC001_RegistrationCheck - Test Case Started.......
2025-02-05 17:59:48.508 [main] INFO  testCases.TC001_RegistrationCheck - Registration begin.......
2025-02-05 17:59:49.739 [main] INFO  testCases.TC001_RegistrationCheck - Regoistration End.......
2025-02-05 17:59:49.771 [main] DEBUG testCases.TC001_RegistrationCheck - Test Case Failed...
2025-02-05 17:59:49.771 [main] ERROR testCases.TC001_RegistrationCheck - Failed...
2025-02-05 18:01:41.531 [main] INFO  testCases.TC001_RegistrationCheck - Test Case Started.......
2025-02-05 18:01:42.026 [main] INFO  testCases.TC001_RegistrationCheck - Registration begin.......
2025-02-05 18:01:43.209 [main] INFO  testCases.TC001_RegistrationCheck - Regoistration End.......
2025-02-05 18:01:43.252 [main] DEBUG testCases.TC001_RegistrationCheck - Test Case Failed...
2025-02-05 18:01:43.252 [main] ERROR testCases.TC001_RegistrationCheck - Failed...
2025-02-05 18:10:27.081 [main] INFO  testCases.TC001_RegistrationCheck - Test Case Started.......
2025-02-05 18:10:28.044 [main] INFO  testCases.TC001_RegistrationCheck - Registration begin.......
2025-02-05 18:10:29.291 [main] INFO  testCases.TC001_RegistrationCheck - Regoistration End.......
2025-02-05 18:10:29.325 [main] DEBUG testCases.TC001_RegistrationCheck - Test Case Failed...
2025-02-05 18:10:29.325 [main] ERROR testCases.TC001_RegistrationCheck - Failed...
