2025-01-25 12:54:02.259 [main] INFO  testCases.TC001_RegistrationCheck - Test Case Started.......
2025-01-25 13:09:08.422 [main] INFO  testCases.TC001_RegistrationCheck - Test Case Started.......
2025-01-25 13:09:08.999 [main] INFO  testCases.TC001_RegistrationCheck - Registration begin.......
2025-01-25 13:09:10.190 [main] INFO  testCases.TC001_RegistrationCheck - Regoistration End.......
2025-01-25 13:09:10.227 [main] DEBUG testCases.TC001_RegistrationCheck - Test Case Failed...
2025-01-25 13:09:10.228 [main] ERROR testCases.TC001_RegistrationCheck - Failed...
2025-01-25 13:17:13.266 [main] INFO  testCases.TC001_RegistrationCheck - Test Case Started.......
2025-01-25 13:17:13.825 [main] INFO  testCases.TC001_RegistrationCheck - Registration begin.......
2025-01-25 13:17:15.132 [main] INFO  testCases.TC001_RegistrationCheck - Regoistration End.......
2025-01-25 13:17:15.159 [main] INFO  testCases.TC001_RegistrationCheck - Validation Success Tc-verify_account_registration passed
2025-01-25 13:17:15.160 [main] WARN  testCases.TC001_RegistrationCheck - Completed/..
2025-01-25 14:50:23.255 [main] INFO  testCases.TC001_RegistrationCheck - Test Case Started.......
2025-01-25 14:50:24.020 [main] INFO  testCases.TC001_RegistrationCheck - Registration begin.......
2025-01-25 14:50:26.040 [main] INFO  testCases.TC001_RegistrationCheck - Regoistration End.......
2025-01-25 14:50:26.099 [main] INFO  testCases.TC001_RegistrationCheck - Validation Success Tc-verify_account_registration passed
2025-01-25 14:50:26.100 [main] WARN  testCases.TC001_RegistrationCheck - Completed/..
2025-01-25 14:51:19.438 [main] INFO  testCases.TC001_RegistrationCheck - Test Case Started.......
2025-01-25 14:51:20.510 [main] INFO  testCases.TC001_RegistrationCheck - Registration begin.......
2025-01-25 14:51:21.856 [main] INFO  testCases.TC001_RegistrationCheck - Regoistration End.......
2025-01-25 14:51:21.895 [main] INFO  testCases.TC001_RegistrationCheck - Validation Success Tc-verify_account_registration passed
2025-01-25 14:51:21.896 [main] WARN  testCases.TC001_RegistrationCheck - Completed/..
2025-01-25 14:51:39.354 [main] INFO  testCases.TC001_RegistrationCheck - Test Case Started.......
2025-01-25 14:51:40.185 [main] INFO  testCases.TC001_RegistrationCheck - Registration begin.......
2025-01-25 14:51:41.990 [main] INFO  testCases.TC001_RegistrationCheck - Regoistration End.......
2025-01-25 14:51:42.053 [main] INFO  testCases.TC001_RegistrationCheck - Validation Success Tc-verify_account_registration passed
2025-01-25 14:51:42.053 [main] WARN  testCases.TC001_RegistrationCheck - Completed/..
2025-01-25 15:06:22.786 [main] INFO  testCases.TC001_RegistrationCheck - Test Case Started.......
2025-01-25 15:06:23.703 [main] INFO  testCases.TC001_RegistrationCheck - Registration begin.......
2025-01-25 15:06:25.811 [main] INFO  testCases.TC001_RegistrationCheck - Regoistration End.......
2025-01-25 15:06:25.876 [main] INFO  testCases.TC001_RegistrationCheck - Validation Success Tc-verify_account_registration passed
2025-01-25 15:06:25.876 [main] WARN  testCases.TC001_RegistrationCheck - Completed/..
2025-01-25 15:06:46.353 [main] INFO  testCases.TC001_RegistrationCheck - Test Case Started.......
2025-01-25 15:06:47.051 [main] INFO  testCases.TC001_RegistrationCheck - Registration begin.......
2025-01-25 15:06:48.904 [main] INFO  testCases.TC001_RegistrationCheck - Regoistration End.......
2025-01-25 15:06:48.965 [main] INFO  testCases.TC001_RegistrationCheck - Validation Success Tc-verify_account_registration passed
2025-01-25 15:06:48.965 [main] WARN  testCases.TC001_RegistrationCheck - Completed/..
2025-01-25 15:06:58.047 [main] INFO  testCases.TC001_RegistrationCheck - Test Case Started.......
2025-01-25 15:06:58.996 [main] INFO  testCases.TC001_RegistrationCheck - Registration begin.......
2025-01-25 15:07:00.286 [main] INFO  testCases.TC001_RegistrationCheck - Regoistration End.......
2025-01-25 15:07:00.320 [main] INFO  testCases.TC001_RegistrationCheck - Validation Success Tc-verify_account_registration passed
2025-01-25 15:07:00.321 [main] WARN  testCases.TC001_RegistrationCheck - Completed/..
2025-01-25 15:07:04.785 [main] INFO  testCases.TC001_RegistrationCheck - Test Case Started.......
2025-01-25 15:07:05.550 [main] INFO  testCases.TC001_RegistrationCheck - Registration begin.......
2025-01-25 15:07:07.362 [main] INFO  testCases.TC001_RegistrationCheck - Regoistration End.......
2025-01-25 15:07:07.426 [main] INFO  testCases.TC001_RegistrationCheck - Validation Success Tc-verify_account_registration passed
2025-01-25 15:07:07.426 [main] WARN  testCases.TC001_RegistrationCheck - Completed/..
2025-01-25 15:08:45.811 [TestNG-tests-3] INFO  testCases.TC001_RegistrationCheck - Test Case Started.......
2025-01-25 15:08:46.552 [TestNG-tests-3] INFO  testCases.TC001_RegistrationCheck - Registration begin.......
2025-01-25 15:08:46.760 [TestNG-tests-1] INFO  testCases.TC001_RegistrationCheck - Test Case Started.......
