2025-01-30 17:54:00.907 [main] INFO  testCases.TC001_RegistrationCheck - Regoistration End.......
2025-01-30 17:54:00.986 [main] INFO  testCases.TC001_RegistrationCheck - Validation Success Tc-verify_account_registration passed
2025-01-30 17:54:00.986 [main] WARN  testCases.TC001_RegistrationCheck - Completed/..
2025-01-30 18:48:40.013 [main] INFO  testCases.TC001_RegistrationCheck - Test Case Started.......
2025-01-30 18:48:40.700 [main] INFO  testCases.TC001_RegistrationCheck - Registration begin.......
2025-01-30 18:48:42.696 [main] INFO  testCases.TC001_RegistrationCheck - Regoistration End.......
2025-01-30 18:48:42.768 [main] INFO  testCases.TC001_RegistrationCheck - Validation Success Tc-verify_account_registration passed
2025-01-30 18:48:42.770 [main] WARN  testCases.TC001_RegistrationCheck - Completed/..
2025-01-30 19:06:09.291 [main] INFO  testCases.TC001_RegistrationCheck - Test Case Started.......
2025-01-30 19:06:10.047 [main] INFO  testCases.TC001_RegistrationCheck - Registration begin.......
2025-01-30 19:06:12.119 [main] INFO  testCases.TC001_RegistrationCheck - Regoistration End.......
2025-01-30 19:06:12.220 [main] INFO  testCases.TC001_RegistrationCheck - Validation Success Tc-verify_account_registration passed
2025-01-30 19:06:12.220 [main] WARN  testCases.TC001_RegistrationCheck - Completed/..
2025-01-31 14:43:36.863 [main] INFO  testCases.TC001_RegistrationCheck - Test Case Started.......
2025-01-31 14:43:38.301 [main] INFO  testCases.TC001_RegistrationCheck - Registration begin.......
2025-01-31 14:43:40.310 [main] INFO  testCases.TC001_RegistrationCheck - Regoistration End.......
2025-01-31 14:43:40.376 [main] INFO  testCases.TC001_RegistrationCheck - Validation Success Tc-verify_account_registration passed
2025-01-31 14:43:40.376 [main] WARN  testCases.TC001_RegistrationCheck - Completed/..
2025-01-31 18:08:10.673 [TestNG-tests-2] INFO  testCases.TC002_LoginCheck - ----------TC002_LoginCheck_TestCAse_Started---------
2025-01-31 18:08:11.263 [TestNG-tests-2] INFO  testCases.TC002_LoginCheck - Login Page opened.........
2025-01-31 18:08:12.393 [TestNG-tests-2] INFO  testCases.TC002_LoginCheck - Login Successfull..........
2025-01-31 18:08:12.993 [TestNG-tests-1] INFO  testCases.TC002_LoginCheck - ----------TC002_LoginCheck_TestCAse_Started---------
2025-01-31 18:08:13.592 [TestNG-tests-1] INFO  testCases.TC002_LoginCheck - Login Page opened.........
2025-01-31 18:08:14.349 [TestNG-tests-1] INFO  testCases.TC002_LoginCheck - Login Successfull..........
2025-01-31 18:08:22.483 [TestNG-tests-2] INFO  testCases.TC002_LoginCheck - Validation of Myaccount Successfull.....
2025-01-31 18:09:13.987 [main] INFO  testCases.TC002_LoginCheck - ----------TC002_LoginCheck_TestCAse_Started---------
2025-01-31 18:09:14.553 [main] INFO  testCases.TC002_LoginCheck - Login Page opened.........
2025-01-31 18:09:15.299 [main] INFO  testCases.TC002_LoginCheck - Login Successfull..........
2025-01-31 18:09:25.375 [main] INFO  testCases.TC002_LoginCheck - Validation of Myaccount Successfull.....
2025-01-31 19:00:53.091 [main] INFO  testCases.TC001_RegistrationCheck - Test Case Started.......
2025-01-31 19:00:53.770 [main] INFO  testCases.TC001_RegistrationCheck - Registration begin.......
2025-01-31 19:00:57.455 [main] INFO  testCases.TC001_RegistrationCheck - Regoistration End.......
2025-01-31 19:00:57.552 [main] INFO  testCases.TC001_RegistrationCheck - Validation Success Tc-verify_account_registration passed
2025-01-31 19:00:57.552 [main] WARN  testCases.TC001_RegistrationCheck - Completed/..
2025-01-31 19:02:07.995 [main] INFO  testCases.TC001_RegistrationCheck - Test Case Started.......
2025-01-31 19:02:08.746 [main] INFO  testCases.TC001_RegistrationCheck - Registration begin.......
2025-01-31 19:02:10.692 [main] INFO  testCases.TC001_RegistrationCheck - Regoistration End.......
2025-01-31 19:02:10.763 [main] INFO  testCases.TC001_RegistrationCheck - Validation Success Tc-verify_account_registration passed
2025-01-31 19:02:10.764 [main] WARN  testCases.TC001_RegistrationCheck - Completed/..
2025-01-31 19:02:38.423 [main] INFO  testCases.TC001_RegistrationCheck - Test Case Started.......
2025-01-31 19:02:39.201 [main] INFO  testCases.TC001_RegistrationCheck - Registration begin.......
2025-01-31 19:02:41.403 [main] INFO  testCases.TC001_RegistrationCheck - Regoistration End.......
2025-01-31 19:02:41.462 [main] INFO  testCases.TC001_RegistrationCheck - Validation Success Tc-verify_account_registration passed
2025-01-31 19:02:41.464 [main] WARN  testCases.TC001_RegistrationCheck - Completed/..
2025-01-31 19:30:12.300 [main] INFO  testCases.TC001_RegistrationCheck - Test Case Started.......
2025-01-31 19:30:12.757 [main] INFO  testCases.TC001_RegistrationCheck - Registration begin.......
2025-01-31 19:30:13.994 [main] INFO  testCases.TC001_RegistrationCheck - Regoistration End.......
2025-01-31 19:30:14.030 [main] DEBUG testCases.TC001_RegistrationCheck - Test Case Failed...
