2025-01-27 16:42:49.749 [main] WARN  testCases.TC001_RegistrationCheck - Completed/..
2025-01-27 16:42:52.229 [main] INFO  testCases.TC002_LoginCheck - ----------TC002_LoginCheck_TestCAse_Started---------
2025-01-27 16:42:52.592 [main] INFO  testCases.TC002_LoginCheck - Login Page opened.........
2025-01-27 16:42:53.549 [main] INFO  testCases.TC002_LoginCheck - Login Successfull..........
2025-01-27 16:42:53.585 [main] INFO  testCases.TC002_LoginCheck - Validation of Myaccount Successfull.....
2025-01-27 16:43:32.283 [main] INFO  testCases.TC001_RegistrationCheck - Test Case Started.......
2025-01-27 16:43:32.881 [main] INFO  testCases.TC001_RegistrationCheck - Registration begin.......
2025-01-27 16:43:34.193 [main] INFO  testCases.TC001_RegistrationCheck - Regoistration End.......
2025-01-27 16:43:34.222 [main] INFO  testCases.TC001_RegistrationCheck - Validation Success Tc-verify_account_registration passed
2025-01-27 16:43:34.222 [main] WARN  testCases.TC001_RegistrationCheck - Completed/..
2025-01-27 16:43:36.690 [main] INFO  testCases.TC002_LoginCheck - ----------TC002_LoginCheck_TestCAse_Started---------
2025-01-27 16:43:37.064 [main] INFO  testCases.TC002_LoginCheck - Login Page opened.........
2025-01-27 16:43:38.033 [main] INFO  testCases.TC002_LoginCheck - Login Successfull..........
2025-01-27 16:43:38.066 [main] INFO  testCases.TC002_LoginCheck - Validation of Myaccount Successfull.....
2025-01-27 16:43:40.564 [main] DEBUG org.apache.poi.openxml4j.opc.PackageRelationshipCollection - Parsing relationship: /xl/_rels/workbook.xml.rels
2025-01-27 16:43:40.569 [main] DEBUG org.apache.poi.openxml4j.opc.PackageRelationshipCollection - Parsing relationship: /xl/worksheets/_rels/sheet1.xml.rels
2025-01-27 16:43:40.570 [main] DEBUG org.apache.poi.openxml4j.opc.PackageRelationshipCollection - Parsing relationship: /_rels/.rels
2025-01-27 16:43:40.964 [main] DEBUG org.apache.poi.openxml4j.opc.PackageRelationshipCollection - Parsing relationship: /xl/_rels/workbook.xml.rels
2025-01-27 16:43:40.965 [main] DEBUG org.apache.poi.openxml4j.opc.PackageRelationshipCollection - Parsing relationship: /xl/worksheets/_rels/sheet1.xml.rels
2025-01-27 16:43:40.966 [main] DEBUG org.apache.poi.openxml4j.opc.PackageRelationshipCollection - Parsing relationship: /_rels/.rels
2025-01-27 16:43:40.989 [main] DEBUG org.apache.poi.openxml4j.opc.PackageRelationshipCollection - Parsing relationship: /xl/_rels/workbook.xml.rels
2025-01-27 16:43:40.990 [main] DEBUG org.apache.poi.openxml4j.opc.PackageRelationshipCollection - Parsing relationship: /xl/worksheets/_rels/sheet1.xml.rels
2025-01-27 16:43:40.991 [main] DEBUG org.apache.poi.openxml4j.opc.PackageRelationshipCollection - Parsing relationship: /_rels/.rels
2025-01-27 16:43:41.018 [main] DEBUG org.apache.poi.openxml4j.opc.PackageRelationshipCollection - Parsing relationship: /xl/_rels/workbook.xml.rels
2025-01-27 16:43:41.019 [main] DEBUG org.apache.poi.openxml4j.opc.PackageRelationshipCollection - Parsing relationship: /xl/worksheets/_rels/sheet1.xml.rels
2025-01-27 16:43:41.020 [main] DEBUG org.apache.poi.openxml4j.opc.PackageRelationshipCollection - Parsing relationship: /_rels/.rels
2025-01-27 16:43:41.041 [main] DEBUG org.apache.poi.openxml4j.opc.PackageRelationshipCollection - Parsing relationship: /xl/_rels/workbook.xml.rels
2025-01-27 16:43:41.042 [main] DEBUG org.apache.poi.openxml4j.opc.PackageRelationshipCollection - Parsing relationship: /xl/worksheets/_rels/sheet1.xml.rels
2025-01-27 16:43:41.043 [main] DEBUG org.apache.poi.openxml4j.opc.PackageRelationshipCollection - Parsing relationship: /_rels/.rels
2025-01-27 16:43:41.064 [main] DEBUG org.apache.poi.openxml4j.opc.PackageRelationshipCollection - Parsing relationship: /xl/_rels/workbook.xml.rels
2025-01-27 16:43:41.065 [main] DEBUG org.apache.poi.openxml4j.opc.PackageRelationshipCollection - Parsing relationship: /xl/worksheets/_rels/sheet1.xml.rels
2025-01-27 16:43:41.066 [main] DEBUG org.apache.poi.openxml4j.opc.PackageRelationshipCollection - Parsing relationship: /_rels/.rels
2025-01-27 16:43:41.084 [main] DEBUG org.apache.poi.openxml4j.opc.PackageRelationshipCollection - Parsing relationship: /xl/_rels/workbook.xml.rels
2025-01-27 16:43:41.084 [main] DEBUG org.apache.poi.openxml4j.opc.PackageRelationshipCollection - Parsing relationship: /xl/worksheets/_rels/sheet1.xml.rels
2025-01-27 16:43:41.085 [main] DEBUG org.apache.poi.openxml4j.opc.PackageRelationshipCollection - Parsing relationship: /_rels/.rels
2025-01-27 16:43:41.104 [main] DEBUG org.apache.poi.openxml4j.opc.PackageRelationshipCollection - Parsing relationship: /xl/_rels/workbook.xml.rels
2025-01-27 16:43:41.104 [main] DEBUG org.apache.poi.openxml4j.opc.PackageRelationshipCollection - Parsing relationship: /xl/worksheets/_rels/sheet1.xml.rels
2025-01-27 16:43:41.105 [main] DEBUG org.apache.poi.openxml4j.opc.PackageRelationshipCollection - Parsing relationship: /_rels/.rels
2025-01-27 16:43:41.120 [main] DEBUG org.apache.poi.openxml4j.opc.PackageRelationshipCollection - Parsing relationship: /xl/_rels/workbook.xml.rels
